0 info it worked if it ends with ok
1 verbose cli [ 'C:\\Program Files\\nodejs\\node.exe',
1 verbose cli   'C:\\Users\\jsparla\\AppData\\Roaming\\npm\\node_modules\\npm\\bin\\npm-cli.js',
1 verbose cli   'run',
1 verbose cli   'commit' ]
2 info using npm@3.5.2
3 info using node@v5.3.0
4 verbose run-script [ 'precommit', 'commit', 'postcommit' ]
5 info lifecycle starwars-names-js@0.0.0-semantically-released~precommit: starwars-names-js@0.0.0-semantically-released
6 silly lifecycle starwars-names-js@0.0.0-semantically-released~precommit: no script for precommit, continuing
7 info lifecycle starwars-names-js@0.0.0-semantically-released~commit: starwars-names-js@0.0.0-semantically-released
8 verbose lifecycle starwars-names-js@0.0.0-semantically-released~commit: unsafe-perm in lifecycle true
9 verbose lifecycle starwars-names-js@0.0.0-semantically-released~commit: PATH: C:\Users\jsparla\AppData\Roaming\npm\node_modules\npm\bin\node-gyp-bin;C:\dev\egghead\starwars-names\node_modules\.bin;C:\ProgramData\Oracle\Java\javapath;C:\Program Files\MongoDB\Server\3.2\bin;C:\Program Files (x86)\PHP\v5.6;C:\windows\system32;C:\windows;C:\windows\System32\Wbem;C:\windows\System32\WindowsPowerShell\v1.0\;C:\Program Files\Common Files\Hitachi ID\;C:\Program Files (x86)\Enterprise Vault\EVClient\;C:\Program Files\Microsoft SQL Server\Client SDK\ODBC\110\Tools\Binn\;C:\Program Files (x86)\Microsoft SQL Server\120\Tools\Binn\ManagementStudio\;C:\Program Files (x86)\Microsoft SQL Server\120\Tools\Binn\;C:\Program Files\Microsoft SQL Server\120\Tools\Binn\;C:\Program Files (x86)\Microsoft SQL Server\120\DTS\Binn\;C:\Program Files\Microsoft SQL Server\120\DTS\Binn\;C:\Users\jsparla\AppData\Roaming\npm;C:\WINDOWS\system32\config\systemprofile\.dnx\bin;C:\Program Files\Microsoft DNX\Dnvm\;C:\ProgramData\ComposerSetup\bin;C:\Program Files\nodejs\;C:\Program Files (x86)\Windows Kits\10\Windows Performance Toolkit\;C:\Program Files (x86)\Brackets\command;C:\Program Files\Git\cmd;C:\WINDOWS\system32;C:\WINDOWS;C:\WINDOWS\System32\Wbem;C:\WINDOWS\System32\WindowsPowerShell\v1.0\;C:\Program Files (x86)\Microsoft VS Code\bin;C:\Users\jsparla\AppData\Roaming\npm;C:\Users\jsparla\AppData\Local\atom\bin;C:\Users\jsparla\AppData\Local\.meteor\;%USERPROFILE%\AppData\Local\Microsoft\WindowsApps;
10 verbose lifecycle starwars-names-js@0.0.0-semantically-released~commit: CWD: C:\dev\egghead\starwars-names
11 silly lifecycle starwars-names-js@0.0.0-semantically-released~commit: Args: [ '/d /s /c', 'git-cz' ]
12 silly lifecycle starwars-names-js@0.0.0-semantically-released~commit: Returned: code: 1  signal: null
13 info lifecycle starwars-names-js@0.0.0-semantically-released~commit: Failed to exec commit script
14 verbose stack Error: starwars-names-js@0.0.0-semantically-released commit: `git-cz`
14 verbose stack Exit status 1
14 verbose stack     at EventEmitter.<anonymous> (C:\Users\jsparla\AppData\Roaming\npm\node_modules\npm\lib\utils\lifecycle.js:232:16)
14 verbose stack     at emitTwo (events.js:87:13)
14 verbose stack     at EventEmitter.emit (events.js:172:7)
14 verbose stack     at ChildProcess.<anonymous> (C:\Users\jsparla\AppData\Roaming\npm\node_modules\npm\lib\utils\spawn.js:24:14)
14 verbose stack     at emitTwo (events.js:87:13)
14 verbose stack     at ChildProcess.emit (events.js:172:7)
14 verbose stack     at maybeClose (internal/child_process.js:818:16)
14 verbose stack     at Process.ChildProcess._handle.onexit (internal/child_process.js:211:5)
15 verbose pkgid starwars-names-js@0.0.0-semantically-released
16 verbose cwd C:\dev\egghead\starwars-names
17 error Windows_NT 10.0.14393
18 error argv "C:\\Program Files\\nodejs\\node.exe" "C:\\Users\\jsparla\\AppData\\Roaming\\npm\\node_modules\\npm\\bin\\npm-cli.js" "run" "commit"
19 error node v5.3.0
20 error npm  v3.5.2
21 error code ELIFECYCLE
22 error starwars-names-js@0.0.0-semantically-released commit: `git-cz`
22 error Exit status 1
23 error Failed at the starwars-names-js@0.0.0-semantically-released commit script 'git-cz'.
23 error Make sure you have the latest version of node.js and npm installed.
23 error If you do, this is most likely a problem with the starwars-names-js package,
23 error not with npm itself.
23 error Tell the author that this fails on your system:
23 error     git-cz
23 error You can get information on how to open an issue for this project with:
23 error     npm bugs starwars-names-js
23 error Or if that isn't available, you can get their info via:
23 error     npm owner ls starwars-names-js
23 error There is likely additional logging output above.
24 verbose exit [ 1, true ]
